0 info it worked if it ends with ok
1 verbose cli [ '/usr/share/atom/resources/app/apm/bin/node',
1 verbose cli   '/usr/share/atom/resources/app/apm/node_modules/npm/bin/npm-cli.js',
1 verbose cli   '--globalconfig',
1 verbose cli   '/home/yuanshen/.atom/.apm/.apmrc',
1 verbose cli   '--userconfig',
1 verbose cli   '/home/yuanshen/.atom/.apmrc',
1 verbose cli   'install',
1 verbose cli   'https://www.atom.io/api/packages/git-blame/versions/1.6.0/tarball',
1 verbose cli   '--runtime=electron',
1 verbose cli   '--target=2.0.9',
1 verbose cli   '--dist-url=https://atom.io/download/electron',
1 verbose cli   '--arch=x64',
1 verbose cli   '--global-style' ]
2 info using npm@6.2.0
3 info using node@v8.9.3
4 verbose npm-session 30826845b77f59ff
5 silly install loadCurrentTree
6 silly install readLocalPackageData
7 http fetch GET 200 https://www.atom.io/api/packages/git-blame/versions/1.6.0/tarball 42111ms
8 silly pacote remote manifest for undefined@https://www.atom.io/api/packages/git-blame/versions/1.6.0/tarball fetched in 42127ms
9 timing stage:loadCurrentTree Completed in 42244ms
10 silly install loadIdealTree
11 silly install cloneCurrentTreeToIdealTree
12 timing stage:loadIdealTree:cloneCurrentTree Completed in 0ms
13 silly install loadShrinkwrap
14 timing stage:loadIdealTree:loadShrinkwrap Completed in 1ms
15 silly install loadAllDepsIntoIdealTree
16 silly resolveWithNewModule git-blame@1.6.0 checking installable status
17 http fetch GET 200 https://registry.npmjs.org/loophole 238ms
18 silly pacote range manifest for loophole@1.0.x fetched in 260ms
19 silly resolveWithNewModule loophole@1.0.0 checking installable status
20 http fetch GET 200 https://registry.npmjs.org/lodash 261ms
21 silly pacote range manifest for lodash@^4.17.4 fetched in 268ms
22 silly resolveWithNewModule lodash@4.17.11 checking installable status
23 http fetch GET 200 https://registry.npmjs.org/recompose 267ms
24 http fetch GET 200 https://registry.npmjs.org/moment 298ms
25 silly pacote range manifest for moment@^2.19.4 fetched in 300ms
26 silly resolveWithNewModule moment@2.22.2 checking installable status
27 http fetch GET 200 https://registry.npmjs.org/react-dom 315ms
28 http fetch GET 200 https://registry.npmjs.org/react 331ms
29 http fetch GET 200 https://registry.npmjs.org/recompose/-/recompose-0.22.0.tgz 115ms
30 silly pacote range manifest for recompose@^0.22.0 fetched in 391ms
31 silly resolveWithNewModule recompose@0.22.0 checking installable status
32 http fetch GET 200 https://registry.npmjs.org/react/-/react-15.6.2.tgz 166ms
33 silly pacote range manifest for react@^15.6.1 fetched in 502ms
34 silly resolveWithNewModule react@15.6.2 checking installable status
35 http fetch GET 200 https://registry.npmjs.org/@workpop%2fsimple-logger 2889ms
36 silly pacote range manifest for @workpop/simple-logger@^1.0.0 fetched in 2891ms
37 silly resolveWithNewModule @workpop/simple-logger@1.3.4 checking installable status
38 http fetch GET 200 https://registry.npmjs.org/react-dom/-/react-dom-15.6.2.tgz 532977ms
39 silly fetchPackageMetaData error for react-dom@^15.6.1 zlib: unexpected end of file
40 timing stage:rollbackFailedOptional Completed in 1ms
41 timing stage:runTopLevelLifecycles Completed in 575561ms
42 silly saveTree apm-install-dir-1181015-29149-hqkluw.u44v4
42 silly saveTree └─┬ git-blame@1.6.0
42 silly saveTree   ├─┬ @workpop/simple-logger@1.3.4
42 silly saveTree   │ ├── lodash@4.17.11
42 silly saveTree   │ └── moment@2.22.2
42 silly saveTree   ├── lodash@4.17.11
42 silly saveTree   ├── loophole@1.0.0
42 silly saveTree   ├── moment@2.22.2
42 silly saveTree   ├── react@15.6.2
42 silly saveTree   └── recompose@0.22.0
43 verbose stack ZlibError: zlib: unexpected end of file
43 verbose stack     at Zlib.(anonymous function).onerror (/usr/share/atom/resources/app/apm/node_modules/npm/node_modules/minizlib/index.js:131:21)
43 verbose stack     at Unzip.write (/usr/share/atom/resources/app/apm/node_modules/npm/node_modules/minizlib/index.js:255:31)
43 verbose stack     at Unzip.flush (/usr/share/atom/resources/app/apm/node_modules/npm/node_modules/minizlib/index.js:222:10)
43 verbose stack     at Unzip.end (/usr/share/atom/resources/app/apm/node_modules/npm/node_modules/minizlib/index.js:229:10)
43 verbose stack     at Object.end (/usr/share/atom/resources/app/apm/node_modules/npm/node_modules/tar/lib/parse.js:415:21)
43 verbose stack     at PassThrough.onend (_stream_readable.js:595:10)
43 verbose stack     at Object.onceWrapper (events.js:313:30)
43 verbose stack     at emitNone (events.js:111:20)
43 verbose stack     at PassThrough.emit (events.js:208:7)
43 verbose stack     at endReadableNT (_stream_readable.js:1056:12)
43 verbose stack     at _combinedTickCallback (internal/process/next_tick.js:138:11)
43 verbose stack     at process._tickCallback (internal/process/next_tick.js:180:9)
44 verbose cwd /tmp/apm-install-dir-1181015-29149-hqkluw.u44v4
45 verbose Linux 4.15.0-38-generic
46 verbose argv "/usr/share/atom/resources/app/apm/bin/node" "/usr/share/atom/resources/app/apm/node_modules/npm/bin/npm-cli.js" "--globalconfig" "/home/yuanshen/.atom/.apm/.apmrc" "--userconfig" "/home/yuanshen/.atom/.apmrc" "install" "https://www.atom.io/api/packages/git-blame/versions/1.6.0/tarball" "--runtime=electron" "--target=2.0.9" "--dist-url=https://atom.io/download/electron" "--arch=x64" "--global-style"
47 verbose node v8.9.3
48 verbose npm  v6.2.0
49 error code Z_BUF_ERROR
50 error errno -5
51 error zlib: unexpected end of file
52 verbose exit [ -5, true ]
